2025-03-13 15:37:38,668 - api.py[line:30] - sessionId is test123, filename is asdasd
2025-03-13 15:40:16,671 - api.py[line:30] - sessionId is test123, filename is asdasd
2025-03-13 16:03:37,496 - api.py[line:53] - sessionId is 123, uploaded file name is AF02.docx
2025-03-13 16:08:37,438 - api.py[line:75] - sessionId is test123, filename is asdasd
2025-03-13 16:23:44,532 - api.py[line:78] - sessionId is test123, filename is data/docx/AF-folder/AF01.docx
2025-03-13 16:24:29,169 - api.py[line:78] - sessionId is test123, filename is data/docx/AF-folder/AF01.docx
2025-03-13 16:25:48,712 - api.py[line:78] - sessionId is test123, filename is data/docx/AF-folder/AF01.docx
2025-03-13 16:26:45,983 - api.py[line:78] - sessionId is test123, filename is data/docx/AF-folder/AF01.docx
2025-03-13 16:27:50,668 - api.py[line:78] - sessionId is test123, filename is data/docx/AF-folder/AF01.docx
2025-03-13 16:46:03,715 - api.py[line:55] - sessionId is 123, uploaded file name is AF02.docx
2025-03-13 16:46:34,280 - api.py[line:55] - sessionId is 123, uploaded file name is AF02.docx
2025-03-13 16:48:41,706 - api.py[line:55] - sessionId is 123, uploaded file name is AF02.docx
2025-03-13 16:49:37,341 - api.py[line:55] - sessionId is 123, uploaded file name is AF02.docx
2025-03-13 16:50:42,455 - api.py[line:55] - sessionId is 123, uploaded file name is AF02.docx
2025-03-13 16:50:58,753 - api.py[line:55] - sessionId is 123, uploaded file name is AF02.docx
2025-03-13 16:51:27,823 - api.py[line:55] - sessionId is 123, uploaded file name is AF02.docx
2025-03-13 16:51:58,902 - api.py[line:55] - sessionId is 123, uploaded file name is AF02.docx
2025-03-13 16:52:33,016 - api.py[line:55] - sessionId is 123, uploaded file name is AF02.docx
2025-03-13 16:53:08,604 - api.py[line:55] - sessionId is 123, uploaded file name is AF02.docx
2025-03-13 16:53:40,372 - api.py[line:55] - sessionId is 123, uploaded file name is AF02.docx
2025-03-13 16:54:14,917 - api.py[line:55] - sessionId is 123, uploaded file name is AF02.docx
2025-03-13 16:56:19,214 - api.py[line:55] - sessionId is 123, uploaded file name is AF02.docx
2025-03-13 16:57:18,575 - api.py[line:55] - sessionId is 123, uploaded file name is AF02.docx
2025-03-13 16:58:41,495 - api.py[line:55] - sessionId is 123, uploaded file name is AF02.docx
2025-03-13 16:59:21,197 - api.py[line:55] - sessionId is 123, uploaded file name is AF02.docx
2025-03-13 16:59:40,295 - api.py[line:55] - sessionId is 123, uploaded file name is AF02.docx
2025-03-13 16:59:59,343 - api.py[line:55] - sessionId is 123, uploaded file name is AF02.docx
2025-03-13 17:00:12,365 - api.py[line:55] - sessionId is 123, uploaded file name is AF02.docx
2025-03-13 17:02:12,717 - api.py[line:41] - sessionId is 123, filename is data/docx/AF-folder/AF01.docx
2025-03-13 17:11:04,908 - api.py[line:74] - sessionId is test123, filename is 
data/docx/AF-folder/AF01.docx
2025-03-13 17:11:43,556 - api.py[line:74] - sessionId is test123, filename is 
data/docx/AF-folder/AF01.docx
2025-03-13 17:12:23,141 - api.py[line:74] - sessionId is test123, filename is 
data/docx/AF-folder/AF01.docx
2025-03-13 17:25:50,695 - api.py[line:66] - sessionId is test123, filename is data/docx/AF-folder/AF01.doc
2025-03-13 17:26:04,957 - api.py[line:66] - sessionId is test123, filename is data/docx/AF-folder/AF01.doc
2025-03-13 17:27:28,038 - api.py[line:72] - sessionId is test123, filename is 
data/docx/AF-folder/AF01.doc
2025-03-13 17:27:35,329 - api.py[line:72] - sessionId is test123, filename is 
data/docx/AF-folder/AF01.doc
